0 node:2 START
1 node:0 START
2 node:1 START
3 node:0 TIMESTEP time:1
4 node:1 TIMESTEP time:1
5 node:2 TIMESTEP time:1
6 node:0 COMMAND manageris 1
7 node:2 COMMAND manageris 1
8 node:1 COMMAND manager
9 node:0 TIMESTEP time:2
10 node:1 TIMESTEP time:2
11 node:2 TIMESTEP time:2
12 node:0 COMMAND noop 1
13 SEND src:0 dest:1 proto:8
14 node:2 COMMAND noop 1
15 SEND src:2 dest:1 proto:8
16 node:0 TIMESTEP time:3
17 node:1 TIMESTEP time:3
18 node:2 TIMESTEP time:3
19 RECVD src:0 dest:1 proto:8
20 SEND src:1 dest:0 proto:1
21 SEND src:1 dest:0 proto:7
22 RECVD src:2 dest:1 proto:8
23 SEND src:1 dest:2 proto:1
24 SEND src:1 dest:2 proto:7
25 node:0 TIMESTEP time:4
26 node:1 TIMESTEP time:4
27 node:2 TIMESTEP time:4
28 RECVD src:1 dest:0 proto:7
29 SEND src:0 dest:1 proto:1
30 SEND src:0 dest:1 proto:7
31 RECVD src:1 dest:2 proto:1
32 RECVD src:1 dest:2 proto:7
33 SEND src:2 dest:1 proto:1
34 SEND src:2 dest:1 proto:7
35 RECVD src:1 dest:0 proto:1
36 node:0 TIMESTEP time:5
37 node:1 TIMESTEP time:5
38 node:2 TIMESTEP time:5
39 RECVD src:2 dest:1 proto:7
40 SEND src:1 dest:2 proto:1
41 RECVD src:0 dest:1 proto:1
42 RECVD src:0 dest:1 proto:7
43 SEND src:1 dest:0 proto:1
44 RECVD src:2 dest:1 proto:1
45 node:0 TIMESTEP time:6
46 node:1 TIMESTEP time:6
47 node:2 TIMESTEP time:6
48 RECVD src:1 dest:0 proto:1
49 node:0 COMMAND create test
50 SEND src:0 dest:1 proto:9
51 RECVD src:1 dest:2 proto:1
52 node:0 TIMESTEP time:7
53 node:1 TIMESTEP time:7
54 node:2 TIMESTEP time:7
55 node:2 TIMEOUT fire-time:7 onTimeout
56 RECVD src:0 dest:1 proto:9
57 SEND src:1 dest:0 proto:1
58 node:1 WRITE create:test
59 SEND src:1 dest:0 proto:10
60 node:0 TIMEOUT fire-time:7 onTimeout
61 SEND src:0 dest:1 proto:9
62 node:0 TIMESTEP time:8
63 node:1 TIMESTEP time:8
64 node:2 TIMESTEP time:8
65 RECVD src:0 dest:1 proto:9
66 SEND src:1 dest:0 proto:1
67 RECVD src:1 dest:0 proto:10
68 SEND src:0 dest:1 proto:1
69 node:0 WRITE create:test
70 node:0 READ readline
71 node:0 WRITE create:.temp
72 node:0 WRITE buf:''
73 node:0 WRITE buf:'' offset:0 len:5
74 node:0 WRITE create:test
75 node:0 WRITE buf:''
76 node:0 WRITE buf:'' offset:0 len:0
77 node:0 WRITE create:.temp
78 node:0 WRITE delete:.temp
79 SEND src:0 dest:1 proto:12
80 RECVD src:1 dest:0 proto:1
81 node:1 TIMEOUT fire-time:8 onTimeout
82 SEND src:1 dest:0 proto:10
83 node:1 TIMEOUT fire-time:8 onTimeout
84 node:0 TIMESTEP time:9
85 node:1 TIMESTEP time:9
86 node:2 TIMESTEP time:9
87 RECVD src:1 dest:0 proto:10
88 SEND src:0 dest:1 proto:1
89 node:0 COMMAND put test hello world
90 node:0 READ readline
91 node:0 WRITE create:.temp
92 node:0 WRITE buf:''
93 node:0 WRITE buf:'' offset:0 len:5
94 node:0 WRITE create:test
95 node:0 WRITE buf:''
96 node:0 WRITE buf:'' offset:0 len:11
97 node:0 WRITE create:.temp
98 node:0 WRITE delete:.temp
99 node:0 TIMEOUT fire-time:9 onTimeout
100 RECVD src:0 dest:1 proto:1
101 RECVD src:0 dest:1 proto:12
102 SEND src:1 dest:0 proto:1
103 node:2 TIMEOUT fire-time:9 onTimeout
104 RECVD src:1 dest:0 proto:1
105 node:0 TIMESTEP time:10
106 node:1 TIMESTEP time:10
107 node:2 TIMESTEP time:10
108 RECVD src:0 dest:1 proto:1
109 node:2 COMMAND get test
110 SEND src:2 dest:1 proto:13
111 RECVD src:1 dest:0 proto:1
112 node:0 TIMESTEP time:11
113 node:1 TIMESTEP time:11
114 node:2 TIMESTEP time:11
115 RECVD src:2 dest:1 proto:13
116 SEND src:1 dest:2 proto:1
117 SEND src:1 dest:0 proto:15
118 node:0 TIMEOUT fire-time:11 onTimeout
119 node:0 TIMESTEP time:12
120 node:1 TIMESTEP time:12
121 node:2 TIMESTEP time:12
122 RECVD src:1 dest:0 proto:15
123 SEND src:0 dest:1 proto:1
124 node:0 READ readline
125 node:0 READ readline
126 SEND src:0 dest:1 proto:14
127 RECVD src:1 dest:2 proto:1
128 node:1 TIMEOUT fire-time:12 onTimeout
129 node:0 TIMEOUT fire-time:12 onTimeout
130 node:0 TIMESTEP time:13
131 node:1 TIMESTEP time:13
132 node:2 TIMESTEP time:13
133 node:0 TIMEOUT fire-time:13 onTimeout
134 node:1 TIMEOUT fire-time:13 onTimeout
135 RECVD src:0 dest:1 proto:1
136 RECVD src:0 dest:1 proto:14
137 SEND src:1 dest:0 proto:1
138 node:1 READ readline
139 node:1 WRITE create:.temp
140 node:1 WRITE buf:''
141 node:1 WRITE buf:'' offset:0 len:5
142 node:1 WRITE create:test
143 node:1 WRITE buf:''
144 node:1 WRITE buf:'' offset:0 len:11
145 node:1 WRITE create:.temp
146 node:1 WRITE delete:.temp
147 node:1 READ readline
148 node:1 READ readline
149 SEND src:1 dest:2 proto:14
150 node:0 TIMESTEP time:14
151 node:1 TIMESTEP time:14
152 node:2 TIMESTEP time:14
153 RECVD src:1 dest:2 proto:14
154 SEND src:2 dest:1 proto:1
155 node:2 WRITE create:test
156 node:2 READ readline
157 node:2 WRITE create:.temp
158 node:2 WRITE buf:''
159 node:2 WRITE buf:'' offset:0 len:5
160 node:2 WRITE create:test
161 node:2 WRITE buf:''
162 node:2 WRITE buf:'' offset:0 len:11
163 node:2 WRITE create:.temp
164 node:2 WRITE delete:.temp
165 SEND src:2 dest:1 proto:16
166 RECVD src:1 dest:0 proto:1
167 node:0 TIMESTEP time:15
168 node:1 TIMESTEP time:15
169 node:2 TIMESTEP time:15
170 RECVD src:2 dest:1 proto:16
171 SEND src:1 dest:2 proto:1
172 RECVD src:2 dest:1 proto:1
173 node:2 TIMEOUT fire-time:15 onTimeout
174 node:0 TIMESTEP time:16
175 node:1 TIMESTEP time:16
176 node:2 TIMESTEP time:16
177 node:1 TIMEOUT fire-time:16 onTimeout
178 RECVD src:1 dest:2 proto:1
179 node:0 TIMESTEP time:17
180 node:1 TIMESTEP time:17
181 node:2 TIMESTEP time:17
182 node:0 TIMEOUT fire-time:17 onTimeout
183 node:0 TIMESTEP time:18
184 node:1 TIMESTEP time:18
185 node:2 TIMESTEP time:18
186 node:1 TIMEOUT fire-time:18 onTimeout
187 node:0 TIMESTEP time:19
188 node:1 TIMESTEP time:19
189 node:2 TIMESTEP time:19
190 node:2 TIMEOUT fire-time:19 onTimeout
191 node:0 TIMESTEP time:20
192 node:1 TIMESTEP time:20
193 node:2 TIMESTEP time:20
194 node:0 STOPPED
195 node:1 STOPPED
196 node:2 STOPPED
